<?xml version="1.0" encoding="UTF-8"?>
<testsuite xmlns:xsi="http://www.w3.org/2001/XMLSchema-instance" xsi:noNamespaceSchemaLocation="https://maven.apache.org/surefire/maven-surefire-plugin/xsd/surefire-test-report.xsd" name="lv.valts.orniks.letter.counter.service.CountResultTest" time="0.042" tests="4" errors="0" skipped="0" failures="0">
  <properties>
    <property name="sun.desktop" value="windows"/>
    <property name="awt.toolkit" value="sun.awt.windows.WToolkit"/>
    <property name="file.encoding.pkg" value="sun.io"/>
    <property name="java.specification.version" value="1.8"/>
    <property name="sun.cpu.isalist" value="amd64"/>
    <property name="sun.jnu.encoding" value="Cp1252"/>
    <property name="java.class.path" value="C:\Users\valts.orniks\Documents\Projekti\Citi\letter-counter\target\test-classes;C:\Users\valts.orniks\Documents\Projekti\Citi\letter-counter\target\classes;C:\Applications\Atlassian\atlassian-plugin-sdk-8.0.16\repository\commons-io\commons-io\2.7\commons-io-2.7.jar;C:\Applications\Atlassian\atlassian-plugin-sdk-8.0.16\repository\org\apache\commons\commons-lang3\3.8.1\commons-lang3-3.8.1.jar;C:\Applications\Atlassian\atlassian-plugin-sdk-8.0.16\repository\org\junit\jupiter\junit-jupiter-api\5.6.1\junit-jupiter-api-5.6.1.jar;C:\Applications\Atlassian\atlassian-plugin-sdk-8.0.16\repository\org\apiguardian\apiguardian-api\1.1.0\apiguardian-api-1.1.0.jar;C:\Applications\Atlassian\atlassian-plugin-sdk-8.0.16\repository\org\opentest4j\opentest4j\1.2.0\opentest4j-1.2.0.jar;C:\Applications\Atlassian\atlassian-plugin-sdk-8.0.16\repository\org\junit\platform\junit-platform-commons\1.6.1\junit-platform-commons-1.6.1.jar;C:\Applications\Atlassian\atlassian-plugin-sdk-8.0.16\repository\org\junit\jupiter\junit-jupiter-engine\5.6.1\junit-jupiter-engine-5.6.1.jar;C:\Applications\Atlassian\atlassian-plugin-sdk-8.0.16\repository\org\junit\platform\junit-platform-engine\1.6.1\junit-platform-engine-1.6.1.jar;C:\Applications\Atlassian\atlassian-plugin-sdk-8.0.16\repository\commons-cli\commons-cli\1.4\commons-cli-1.4.jar;"/>
    <property name="java.vm.vendor" value="Oracle Corporation"/>
    <property name="sun.arch.data.model" value="64"/>
    <property name="user.variant" value=""/>
    <property name="java.vendor.url" value="http://java.oracle.com/"/>
    <property name="user.timezone" value="Europe/Helsinki"/>
    <property name="user.country.format" value="LV"/>
    <property name="java.vm.specification.version" value="1.8"/>
    <property name="os.name" value="Windows 10"/>
    <property name="user.country" value="US"/>
    <property name="sun.java.launcher" value="SUN_STANDARD"/>
    <property name="sun.boot.library.path" value="C:\Program Files\Java\jdk1.8.0_221\jre\bin"/>
    <property name="sun.java.command" value="C:\Users\VALTS~1.ORN\AppData\Local\Temp\surefire3507891670583884305\surefirebooter5688882925528976361.jar C:\Users\valts.orniks\AppData\Local\Temp\surefire3507891670583884305 2021-04-26T00-18-50_997-jvmRun1 surefire4343478754162688305tmp surefire_07154551104042636580tmp"/>
    <property name="surefire.test.class.path" value="C:\Users\valts.orniks\Documents\Projekti\Citi\letter-counter\target\test-classes;C:\Users\valts.orniks\Documents\Projekti\Citi\letter-counter\target\classes;C:\Applications\Atlassian\atlassian-plugin-sdk-8.0.16\repository\commons-io\commons-io\2.7\commons-io-2.7.jar;C:\Applications\Atlassian\atlassian-plugin-sdk-8.0.16\repository\org\apache\commons\commons-lang3\3.8.1\commons-lang3-3.8.1.jar;C:\Applications\Atlassian\atlassian-plugin-sdk-8.0.16\repository\org\junit\jupiter\junit-jupiter-api\5.6.1\junit-jupiter-api-5.6.1.jar;C:\Applications\Atlassian\atlassian-plugin-sdk-8.0.16\repository\org\apiguardian\apiguardian-api\1.1.0\apiguardian-api-1.1.0.jar;C:\Applications\Atlassian\atlassian-plugin-sdk-8.0.16\repository\org\opentest4j\opentest4j\1.2.0\opentest4j-1.2.0.jar;C:\Applications\Atlassian\atlassian-plugin-sdk-8.0.16\repository\org\junit\platform\junit-platform-commons\1.6.1\junit-platform-commons-1.6.1.jar;C:\Applications\Atlassian\atlassian-plugin-sdk-8.0.16\repository\org\junit\jupiter\junit-jupiter-engine\5.6.1\junit-jupiter-engine-5.6.1.jar;C:\Applications\Atlassian\atlassian-plugin-sdk-8.0.16\repository\org\junit\platform\junit-platform-engine\1.6.1\junit-platform-engine-1.6.1.jar;C:\Applications\Atlassian\atlassian-plugin-sdk-8.0.16\repository\commons-cli\commons-cli\1.4\commons-cli-1.4.jar;"/>
    <property name="sun.cpu.endian" value="little"/>
    <property name="user.home" value="C:\Users\valts.orniks"/>
    <property name="user.language" value="en"/>
    <property name="java.specification.vendor" value="Oracle Corporation"/>
    <property name="java.home" value="C:\Program Files\Java\jdk1.8.0_221\jre"/>
    <property name="basedir" value="C:\Users\valts.orniks\Documents\Projekti\Citi\letter-counter"/>
    <property name="file.separator" value="\"/>
    <property name="line.separator" value="&#10;"/>
    <property name="java.vm.specification.vendor" value="Oracle Corporation"/>
    <property name="java.specification.name" value="Java Platform API Specification"/>
    <property name="java.awt.graphicsenv" value="sun.awt.Win32GraphicsEnvironment"/>
    <property name="surefire.real.class.path" value="C:\Users\VALTS~1.ORN\AppData\Local\Temp\surefire3507891670583884305\surefirebooter5688882925528976361.jar"/>
    <property name="sun.boot.class.path" value="C:\Program Files\Java\jdk1.8.0_221\jre\lib\resources.jar;C:\Program Files\Java\jdk1.8.0_221\jre\lib\rt.jar;C:\Program Files\Java\jdk1.8.0_221\jre\lib\sunrsasign.jar;C:\Program Files\Java\jdk1.8.0_221\jre\lib\jsse.jar;C:\Program Files\Java\jdk1.8.0_221\jre\lib\jce.jar;C:\Program Files\Java\jdk1.8.0_221\jre\lib\charsets.jar;C:\Program Files\Java\jdk1.8.0_221\jre\lib\jfr.jar;C:\Program Files\Java\jdk1.8.0_221\jre\classes"/>
    <property name="user.script" value=""/>
    <property name="sun.management.compiler" value="HotSpot 64-Bit Tiered Compilers"/>
    <property name="java.runtime.version" value="1.8.0_221-b11"/>
    <property name="user.name" value="valts.orniks"/>
    <property name="path.separator" value=";"/>
    <property name="os.version" value="10.0"/>
    <property name="java.endorsed.dirs" value="C:\Program Files\Java\jdk1.8.0_221\jre\lib\endorsed"/>
    <property name="java.runtime.name" value="Java(TM) SE Runtime Environment"/>
    <property name="file.encoding" value="Cp1252"/>
    <property name="java.vm.name" value="Java HotSpot(TM) 64-Bit Server VM"/>
    <property name="localRepository" value="C:\Applications\Atlassian\atlassian-plugin-sdk-8.0.16\repository"/>
    <property name="java.vendor.url.bug" value="http://bugreport.sun.com/bugreport/"/>
    <property name="java.io.tmpdir" value="C:\Users\VALTS~1.ORN\AppData\Local\Temp\"/>
    <property name="idea.version" value="2021.1"/>
    <property name="java.version" value="1.8.0_221"/>
    <property name="user.dir" value="C:\Users\valts.orniks\Documents\Projekti\Citi\letter-counter"/>
    <property name="os.arch" value="amd64"/>
    <property name="java.vm.specification.name" value="Java Virtual Machine Specification"/>
    <property name="java.awt.printerjob" value="sun.awt.windows.WPrinterJob"/>
    <property name="user.language.format" value="lv"/>
    <property name="sun.os.patch.level" value=""/>
    <property name="java.library.path" value="C:\Program Files\Java\jdk1.8.0_221\jre\bin;C:\windows\Sun\Java\bin;C:\windows\system32;C:\windows;C:\Program Files (x86)\Common Files\Oracle\Java\javapath;C:\oracle\product\12.2.0_x64\client_1\bin;C:\windows\system32;C:\windows;C:\windows\System32\Wbem;C:\windows\System32\WindowsPowerShell\v1.0\;C:\windows\System32\OpenSSH\;C:\Program Files\Intel\WiFi\bin\;C:\Program Files\Common Files\Intel\WirelessCommon\;C:\Program Files\Git\cmd;C:\Program Files\TortoiseGit\bin;C:\Program Files\nodejs\;C:\Applications\Atlassian\atlassian-plugin-sdk-8.0.16\apache-maven-3.5.4\bin;C:\Program Files\Gemalto\Classic Client\BIN;C:\Program Files (x86)\Gemalto\Classic Client\BIN;C:\Program Files (x86)\Oberthur Technologies\AWP\Dlls;C:\Program Files\Oberthur Technologies\AWP\Dlls;C:\Program Files (x86)\eParaksts Token Signing\;C:\Program Files\PuTTY\;C:\Program Files\TortoiseSVN\bin;C:\Program Files\MySQL\MySQL Shell 8.0\bin\;C:\Users\valts.orniks\AppData\Local\Microsoft\WindowsApps;C:\Users\valts.orniks\AppData\Local\Programs\Microsoft VS Code\bin;C:\Applications\Atlassian\atlassian-plugin-sdk-8.0.16\bin;C:\Program Files\JetBrains\IntelliJ IDEA 2019.1.2\bin;;C:\Users\valts.orniks\AppData\Roaming\npm;C:\Applications\Atlassian\atlassian-plugin-sdk-8.0.16\apache-maven-3.5.4\bin;;."/>
    <property name="java.vm.info" value="mixed mode"/>
    <property name="java.vendor" value="Oracle Corporation"/>
    <property name="java.vm.version" value="25.221-b11"/>
    <property name="java.ext.dirs" value="C:\Program Files\Java\jdk1.8.0_221\jre\lib\ext;C:\windows\Sun\Java\lib\ext"/>
    <property name="sun.io.unicode.encoding" value="UnicodeLittle"/>
    <property name="maven.repo.local" value="C:\Applications\Atlassian\atlassian-plugin-sdk-8.0.16\repository"/>
    <property name="java.class.version" value="52.0"/>
  </properties>
  <testcase name="testEmptyCharRemoving" classname="lv.valts.orniks.letter.counter.service.CountResultTest" time="0.014"/>
  <testcase name="testReverseOrder" classname="lv.valts.orniks.letter.counter.service.CountResultTest" time="0"/>
  <testcase name="testNotOrdered" classname="lv.valts.orniks.letter.counter.service.CountResultTest" time="0.002"/>
  <testcase name="testGrouping" classname="lv.valts.orniks.letter.counter.service.CountResultTest" time="0.002"/>
</testsuite>